{"total": {"lines":{"total":869,"covered":421,"skipped":0,"pct":48.44},"statements":{"total":869,"covered":421,"skipped":0,"pct":48.44},"functions":{"total":50,"covered":25,"skipped":0,"pct":50},"branches":{"total":142,"covered":82,"skipped":0,"pct":57.74},"branchesTrue":{"total":0,"covered":0,"skipped":0,"pct":100}}
,"E:\\Techtrole\\panel\\cpanel\\cpanel-ui\\src\\components\\AccessDenied.jsx": {"lines":{"total":73,"covered":69,"skipped":0,"pct":94.52},"functions":{"total":1,"covered":1,"skipped":0,"pct":100},"statements":{"total":73,"covered":69,"skipped":0,"pct":94.52},"branches":{"total":24,"covered":7,"skipped":0,"pct":29.16}}
,"E:\\Techtrole\\panel\\cpanel\\cpanel-ui\\src\\components\\FieldError.jsx": {"lines":{"total":7,"covered":7,"skipped":0,"pct":100},"functions":{"total":1,"covered":1,"skipped":0,"pct":100},"statements":{"total":7,"covered":7,"skipped":0,"pct":100},"branches":{"total":3,"covered":3,"skipped":0,"pct":100}}
,"E:\\Techtrole\\panel\\cpanel\\cpanel-ui\\src\\constants\\CPanel_Constants.jsx": {"lines":{"total":75,"covered":0,"skipped":0,"pct":0},"functions":{"total":1,"covered":1,"skipped":0,"pct":100},"statements":{"total":75,"covered":0,"skipped":0,"pct":0},"branches":{"total":1,"covered":1,"skipped":0,"pct":100}}
,"E:\\Techtrole\\panel\\cpanel\\cpanel-ui\\src\\constants\\navIcons.js": {"lines":{"total":21,"covered":0,"skipped":0,"pct":0},"functions":{"total":1,"covered":0,"skipped":0,"pct":0},"statements":{"total":21,"covered":0,"skipped":0,"pct":0},"branches":{"total":1,"covered":0,"skipped":0,"pct":0}}
,"E:\\Techtrole\\panel\\cpanel\\cpanel-ui\\src\\constants\\navTemplates.js": {"lines":{"total":7,"covered":0,"skipped":0,"pct":0},"functions":{"total":1,"covered":0,"skipped":0,"pct":0},"statements":{"total":7,"covered":0,"skipped":0,"pct":0},"branches":{"total":1,"covered":0,"skipped":0,"pct":0}}
,"E:\\Techtrole\\panel\\cpanel\\cpanel-ui\\src\\constants\\permissions.js": {"lines":{"total":34,"covered":23,"skipped":0,"pct":67.64},"functions":{"total":1,"covered":0,"skipped":0,"pct":0},"statements":{"total":34,"covered":23,"skipped":0,"pct":67.64},"branches":{"total":0,"covered":0,"skipped":0,"pct":100}}
,"E:\\Techtrole\\panel\\cpanel\\cpanel-ui\\src\\constants\\roleNavigation.js": {"lines":{"total":17,"covered":17,"skipped":0,"pct":100},"functions":{"total":3,"covered":3,"skipped":0,"pct":100},"statements":{"total":17,"covered":17,"skipped":0,"pct":100},"branches":{"total":5,"covered":4,"skipped":0,"pct":80}}
,"E:\\Techtrole\\panel\\cpanel\\cpanel-ui\\src\\hooks\\usePermissions.js": {"lines":{"total":29,"covered":29,"skipped":0,"pct":100},"functions":{"total":2,"covered":2,"skipped":0,"pct":100},"statements":{"total":29,"covered":29,"skipped":0,"pct":100},"branches":{"total":11,"covered":10,"skipped":0,"pct":90.9}}
,"E:\\Techtrole\\panel\\cpanel\\cpanel-ui\\src\\routes\\PermissionRoute.jsx": {"lines":{"total":21,"covered":21,"skipped":0,"pct":100},"functions":{"total":1,"covered":1,"skipped":0,"pct":100},"statements":{"total":21,"covered":21,"skipped":0,"pct":100},"branches":{"total":6,"covered":6,"skipped":0,"pct":100}}
,"E:\\Techtrole\\panel\\cpanel\\cpanel-ui\\src\\utils\\approvalAccess.js": {"lines":{"total":27,"covered":0,"skipped":0,"pct":0},"functions":{"total":1,"covered":0,"skipped":0,"pct":0},"statements":{"total":27,"covered":0,"skipped":0,"pct":0},"branches":{"total":1,"covered":0,"skipped":0,"pct":0}}
,"E:\\Techtrole\\panel\\cpanel\\cpanel-ui\\src\\utils\\brandingAssetValidation.js": {"lines":{"total":167,"covered":0,"skipped":0,"pct":0},"functions":{"total":1,"covered":0,"skipped":0,"pct":0},"statements":{"total":167,"covered":0,"skipped":0,"pct":0},"branches":{"total":1,"covered":0,"skipped":0,"pct":0}}
,"E:\\Techtrole\\panel\\cpanel\\cpanel-ui\\src\\utils\\displayLabels.js": {"lines":{"total":116,"covered":37,"skipped":0,"pct":31.89},"functions":{"total":7,"covered":3,"skipped":0,"pct":42.85},"statements":{"total":116,"covered":37,"skipped":0,"pct":31.89},"branches":{"total":11,"covered":4,"skipped":0,"pct":36.36}}
,"E:\\Techtrole\\panel\\cpanel\\cpanel-ui\\src\\utils\\events.js": {"lines":{"total":6,"covered":0,"skipped":0,"pct":0},"functions":{"total":1,"covered":0,"skipped":0,"pct":0},"statements":{"total":6,"covered":0,"skipped":0,"pct":0},"branches":{"total":1,"covered":0,"skipped":0,"pct":0}}
,"E:\\Techtrole\\panel\\cpanel\\cpanel-ui\\src\\utils\\mergeNavItems.js": {"lines":{"total":52,"covered":50,"skipped":0,"pct":96.15},"functions":{"total":4,"covered":4,"skipped":0,"pct":100},"statements":{"total":52,"covered":50,"skipped":0,"pct":96.15},"branches":{"total":27,"covered":13,"skipped":0,"pct":48.14}}
,"E:\\Techtrole\\panel\\cpanel\\cpanel-ui\\src\\utils\\navRouteAccess.js": {"lines":{"total":77,"covered":71,"skipped":0,"pct":92.2},"functions":{"total":4,"covered":3,"skipped":0,"pct":75},"statements":{"total":77,"covered":71,"skipped":0,"pct":92.2},"branches":{"total":21,"covered":13,"skipped":0,"pct":61.9}}
,"E:\\Techtrole\\panel\\cpanel\\cpanel-ui\\src\\utils\\notify.js": {"lines":{"total":40,"covered":23,"skipped":0,"pct":57.5},"functions":{"total":7,"covered":0,"skipped":0,"pct":0},"statements":{"total":40,"covered":23,"skipped":0,"pct":57.5},"branches":{"total":0,"covered":0,"skipped":0,"pct":100}}
,"E:\\Techtrole\\panel\\cpanel\\cpanel-ui\\src\\utils\\roleAccess.js": {"lines":{"total":12,"covered":12,"skipped":0,"pct":100},"functions":{"total":1,"covered":1,"skipped":0,"pct":100},"statements":{"total":12,"covered":12,"skipped":0,"pct":100},"branches":{"total":6,"covered":5,"skipped":0,"pct":83.33}}
,"E:\\Techtrole\\panel\\cpanel\\cpanel-ui\\src\\utils\\validation.js": {"lines":{"total":88,"covered":62,"skipped":0,"pct":70.45},"functions":{"total":12,"covered":5,"skipped":0,"pct":41.66},"statements":{"total":88,"covered":62,"skipped":0,"pct":70.45},"branches":{"total":22,"covered":16,"skipped":0,"pct":72.72}}
}
