TN:
SF:src\components\AccessDenied.jsx
FN:5,AccessDenied
FNF:1
FNH:1
FNDA:4,AccessDenied
DA:1,1
DA:2,1
DA:3,1
DA:5,1
DA:6,4
DA:8,4
DA:9,4
DA:10,4
DA:11,4
DA:12,4
DA:13,4
DA:14,4
DA:16,4
DA:17,4
DA:18,4
DA:19,4
DA:20,4
DA:22,4
DA:23,4
DA:24,2
DA:25,0
DA:26,0
DA:27,0
DA:28,2
DA:30,2
DA:31,0
DA:32,2
DA:33,2
DA:34,2
DA:35,2
DA:36,2
DA:37,2
DA:38,2
DA:39,2
DA:40,2
DA:41,2
DA:42,2
DA:43,2
DA:44,2
DA:45,2
DA:46,2
DA:47,2
DA:48,2
DA:49,2
DA:51,4
DA:52,4
DA:53,4
DA:54,4
DA:55,4
DA:56,4
DA:57,4
DA:58,4
DA:59,4
DA:60,4
DA:61,4
DA:62,4
DA:63,4
DA:64,4
DA:65,4
DA:66,4
DA:67,4
DA:68,4
DA:69,4
DA:71,4
DA:72,4
DA:73,4
DA:74,4
DA:75,4
DA:77,4
DA:80,4
DA:81,4
DA:82,4
DA:84,4
LF:73
LH:69
BRDA:5,0,0,4
BRDA:6,1,0,2
BRDA:14,2,0,2
BRDA:19,3,0,2
BRDA:19,4,0,0
BRDA:20,5,0,2
BRDA:23,6,0,2
BRDA:30,7,0,0
BRDA:30,8,0,0
BRDA:34,9,0,0
BRDA:35,10,0,0
BRDA:36,11,0,0
BRDA:37,12,0,0
BRDA:38,13,0,0
BRDA:39,14,0,0
BRDA:40,15,0,0
BRDA:41,16,0,0
BRDA:42,17,0,0
BRDA:43,18,0,0
BRDA:44,19,0,0
BRDA:45,20,0,0
BRDA:46,21,0,0
BRDA:47,22,0,0
BRDA:53,23,0,2
BRF:24
BRH:7
end_of_record
TN:
SF:src\components\FieldError.jsx
FN:2,FieldError
FNF:1
FNH:1
FNDA:10,FieldError
DA:2,1
DA:3,10
DA:4,1
DA:5,1
DA:6,1
DA:7,1
DA:9,1
LF:7
LH:7
BRDA:2,0,0,10
BRDA:3,1,0,9
BRDA:3,2,0,1
BRF:3
BRH:3
end_of_record
TN:
SF:src\constants\CPanel_Constants.jsx
FN:1,(empty-report)
FNF:1
FNH:1
FNDA:1,(empty-report)
DA:6,0
DA:7,0
DA:8,0
DA:9,0
DA:10,0
DA:11,0
DA:12,0
DA:13,0
DA:14,0
DA:15,0
DA:16,0
DA:17,0
DA:18,0
DA:19,0
DA:20,0
DA:21,0
DA:22,0
DA:23,0
DA:24,0
DA:25,0
DA:26,0
DA:27,0
DA:28,0
DA:29,0
DA:30,0
DA:31,0
DA:32,0
DA:33,0
DA:34,0
DA:35,0
DA:36,0
DA:37,0
DA:38,0
DA:39,0
DA:40,0
DA:41,0
DA:42,0
DA:44,0
DA:45,0
DA:46,0
DA:47,0
DA:48,0
DA:49,0
DA:50,0
DA:51,0
DA:52,0
DA:53,0
DA:54,0
DA:59,0
DA:60,0
DA:61,0
DA:62,0
DA:63,0
DA:64,0
DA:65,0
DA:66,0
DA:67,0
DA:68,0
DA:69,0
DA:70,0
DA:71,0
DA:72,0
DA:73,0
DA:74,0
DA:75,0
DA:76,0
DA:77,0
DA:78,0
DA:79,0
DA:80,0
DA:81,0
DA:82,0
DA:83,0
DA:84,0
DA:86,0
LF:75
LH:0
BRDA:1,0,0,1
BRF:1
BRH:1
end_of_record
TN:
SF:src\constants\navIcons.js
FN:1,(empty-report)
FNF:1
FNH:0
FNDA:0,(empty-report)
DA:1,0
DA:2,0
DA:3,0
DA:4,0
DA:5,0
DA:6,0
DA:7,0
DA:8,0
DA:9,0
DA:10,0
DA:11,0
DA:12,0
DA:13,0
DA:14,0
DA:15,0
DA:16,0
DA:17,0
DA:18,0
DA:19,0
DA:20,0
DA:21,0
LF:21
LH:0
BRDA:1,0,0,0
BRF:1
BRH:0
end_of_record
TN:
SF:src\constants\navTemplates.js
FN:1,(empty-report)
FNF:1
FNH:0
FNDA:0,(empty-report)
DA:1,0
DA:2,0
DA:3,0
DA:4,0
DA:5,0
DA:6,0
DA:7,0
LF:7
LH:0
BRDA:1,0,0,0
BRF:1
BRH:0
end_of_record
TN:
SF:src\constants\permissions.js
FN:23,contentPermissionKeys
FNF:1
FNH:0
FNDA:0,contentPermissionKeys
DA:1,1
DA:2,1
DA:3,1
DA:4,1
DA:5,1
DA:6,1
DA:7,1
DA:8,1
DA:9,1
DA:10,1
DA:11,1
DA:12,1
DA:13,1
DA:14,1
DA:15,1
DA:16,1
DA:17,1
DA:18,1
DA:19,1
DA:20,1
DA:21,1
DA:22,1
DA:23,1
DA:24,0
DA:25,0
DA:26,0
DA:27,0
DA:28,0
DA:29,0
DA:30,0
DA:31,0
DA:32,0
DA:33,0
DA:34,0
LF:34
LH:23
BRF:0
BRH:0
end_of_record
TN:
SF:src\constants\roleNavigation.js
FN:6,getRoleNavigation
FN:12,isPlatformOperatorRole
FN:18,shouldMergeOrgNavApi
FNF:3
FNH:3
FNDA:2,getRoleNavigation
FNDA:2,isPlatformOperatorRole
FNDA:2,shouldMergeOrgNavApi
DA:1,1
DA:2,1
DA:3,1
DA:4,1
DA:6,1
DA:7,2
DA:8,2
DA:9,2
DA:11,1
DA:12,1
DA:13,2
DA:14,2
DA:15,2
DA:17,1
DA:18,1
DA:19,2
DA:20,2
LF:17
LH:17
BRDA:6,0,0,2
BRDA:12,1,0,2
BRDA:13,2,0,0
BRDA:14,3,0,1
BRDA:18,4,0,2
BRF:5
BRH:4
end_of_record
TN:
SF:src\hooks\usePermissions.js
FN:6,usePermissions
FN:16,can
FNF:2
FNH:2
FNDA:8,usePermissions
FNDA:6,can
DA:1,1
DA:2,1
DA:3,1
DA:4,1
DA:5,1
DA:6,1
DA:7,8
DA:8,8
DA:9,8
DA:10,8
DA:11,8
DA:12,8
DA:13,8
DA:14,8
DA:15,8
DA:16,8
DA:17,6
DA:18,2
DA:19,2
DA:20,4
DA:21,8
DA:22,8
DA:23,8
DA:24,8
DA:25,8
DA:26,8
DA:27,8
DA:28,8
DA:29,8
LF:29
LH:29
BRDA:6,0,0,8
BRDA:8,1,0,2
BRDA:9,2,0,0
BRDA:12,3,0,8
BRDA:12,4,0,1
BRDA:16,5,0,6
BRDA:17,6,0,3
BRDA:17,7,0,3
BRDA:17,8,0,5
BRDA:17,9,0,2
BRDA:19,10,0,4
BRF:11
BRH:10
end_of_record
TN:
SF:src\routes\PermissionRoute.jsx
FN:10,PermissionRoute
FNF:1
FNH:1
FNDA:5,PermissionRoute
DA:1,1
DA:2,1
DA:3,1
DA:4,1
DA:5,1
DA:10,1
DA:11,5
DA:12,5
DA:13,5
DA:15,5
DA:16,3
DA:17,1
DA:18,1
DA:20,1
DA:21,2
DA:22,2
DA:24,5
DA:25,1
DA:26,1
DA:28,1
DA:29,1
LF:21
LH:21
BRDA:10,0,0,5
BRDA:15,1,0,3
BRDA:16,2,0,1
BRDA:20,3,0,2
BRDA:22,4,0,2
BRDA:24,5,0,1
BRF:6
BRH:6
end_of_record
TN:
SF:src\utils\approvalAccess.js
FN:1,(empty-report)
FNF:1
FNH:0
FNDA:0,(empty-report)
DA:1,0
DA:2,0
DA:3,0
DA:4,0
DA:5,0
DA:6,0
DA:7,0
DA:8,0
DA:9,0
DA:10,0
DA:11,0
DA:12,0
DA:13,0
DA:14,0
DA:15,0
DA:16,0
DA:17,0
DA:18,0
DA:19,0
DA:20,0
DA:21,0
DA:22,0
DA:23,0
DA:24,0
DA:25,0
DA:26,0
DA:27,0
LF:27
LH:0
BRDA:1,0,0,0
BRF:1
BRH:0
end_of_record
TN:
SF:src\utils\brandingAssetValidation.js
FN:1,(empty-report)
FNF:1
FNH:0
FNDA:0,(empty-report)
DA:1,0
DA:2,0
DA:3,0
DA:4,0
DA:5,0
DA:6,0
DA:7,0
DA:8,0
DA:9,0
DA:10,0
DA:11,0
DA:12,0
DA:13,0
DA:14,0
DA:15,0
DA:16,0
DA:17,0
DA:18,0
DA:19,0
DA:20,0
DA:21,0
DA:22,0
DA:23,0
DA:24,0
DA:25,0
DA:26,0
DA:27,0
DA:28,0
DA:29,0
DA:30,0
DA:31,0
DA:32,0
DA:33,0
DA:34,0
DA:35,0
DA:36,0
DA:37,0
DA:38,0
DA:39,0
DA:40,0
DA:41,0
DA:42,0
DA:43,0
DA:44,0
DA:45,0
DA:46,0
DA:47,0
DA:48,0
DA:49,0
DA:50,0
DA:51,0
DA:52,0
DA:53,0
DA:54,0
DA:55,0
DA:56,0
DA:57,0
DA:58,0
DA:59,0
DA:60,0
DA:61,0
DA:62,0
DA:63,0
DA:64,0
DA:65,0
DA:66,0
DA:67,0
DA:68,0
DA:69,0
DA:70,0
DA:71,0
DA:72,0
DA:73,0
DA:74,0
DA:75,0
DA:76,0
DA:77,0
DA:78,0
DA:79,0
DA:80,0
DA:81,0
DA:82,0
DA:83,0
DA:84,0
DA:85,0
DA:86,0
DA:87,0
DA:88,0
DA:89,0
DA:90,0
DA:91,0
DA:92,0
DA:93,0
DA:94,0
DA:95,0
DA:96,0
DA:97,0
DA:98,0
DA:99,0
DA:100,0
DA:101,0
DA:102,0
DA:103,0
DA:104,0
DA:105,0
DA:106,0
DA:107,0
DA:108,0
DA:109,0
DA:110,0
DA:111,0
DA:112,0
DA:113,0
DA:114,0
DA:115,0
DA:116,0
DA:117,0
DA:118,0
DA:119,0
DA:120,0
DA:121,0
DA:122,0
DA:123,0
DA:124,0
DA:125,0
DA:126,0
DA:127,0
DA:128,0
DA:129,0
DA:130,0
DA:131,0
DA:132,0
DA:133,0
DA:134,0
DA:135,0
DA:136,0
DA:137,0
DA:138,0
DA:139,0
DA:140,0
DA:141,0
DA:142,0
DA:143,0
DA:144,0
DA:145,0
DA:146,0
DA:147,0
DA:148,0
DA:149,0
DA:150,0
DA:151,0
DA:152,0
DA:153,0
DA:154,0
DA:155,0
DA:156,0
DA:157,0
DA:158,0
DA:159,0
DA:160,0
DA:161,0
DA:162,0
DA:163,0
DA:164,0
DA:165,0
DA:166,0
DA:167,0
LF:167
LH:0
BRDA:1,0,0,0
BRF:1
BRH:0
end_of_record
TN:
SF:src\utils\displayLabels.js
FN:14,formatRoleName
FN:23,looksLikeCode
FN:27,humanizeToken
FN:34,formatRolesList
FN:45,formatOrganizationName
FN:52,humanizeAction
FN:73,humanizeMessage
FNF:7
FNH:3
FNDA:2,formatRoleName
FNDA:2,looksLikeCode
FNDA:0,humanizeToken
FNDA:0,formatRolesList
FNDA:2,formatOrganizationName
FNDA:0,humanizeAction
FNDA:0,humanizeMessage
DA:1,1
DA:2,1
DA:3,1
DA:4,1
DA:5,1
DA:6,1
DA:7,1
DA:8,1
DA:9,1
DA:10,1
DA:11,1
DA:12,1
DA:13,1
DA:14,1
DA:15,2
DA:16,2
DA:17,2
DA:18,2
DA:19,0
DA:20,0
DA:21,0
DA:22,1
DA:23,2
DA:24,2
DA:25,2
DA:26,1
DA:27,0
DA:28,0
DA:29,0
DA:30,0
DA:31,0
DA:32,1
DA:33,1
DA:34,1
DA:35,0
DA:36,0
DA:37,0
DA:38,0
DA:39,0
DA:40,0
DA:41,0
DA:42,0
DA:43,0
DA:44,1
DA:45,1
DA:46,2
DA:47,2
DA:48,2
DA:49,1
DA:50,1
DA:51,1
DA:52,1
DA:53,0
DA:54,0
DA:55,0
DA:56,0
DA:57,0
DA:58,0
DA:59,0
DA:60,0
DA:61,0
DA:62,0
DA:63,0
DA:64,0
DA:65,0
DA:66,0
DA:67,0
DA:68,0
DA:69,0
DA:70,0
DA:71,0
DA:72,1
DA:73,1
DA:74,0
DA:75,0
DA:76,0
DA:77,0
DA:78,0
DA:79,0
DA:80,0
DA:81,0
DA:82,0
DA:83,0
DA:84,0
DA:85,0
DA:86,0
DA:87,0
DA:88,0
DA:89,0
DA:90,0
DA:91,0
DA:92,0
DA:93,0
DA:94,0
DA:95,0
DA:96,0
DA:97,0
DA:98,0
DA:99,0
DA:100,0
DA:101,0
DA:102,0
DA:103,0
DA:104,0
DA:105,0
DA:106,0
DA:107,0
DA:108,0
DA:109,0
DA:110,0
DA:111,0
DA:112,0
DA:113,0
DA:114,0
DA:115,0
DA:116,0
LF:116
LH:37
BRDA:14,0,0,2
BRDA:15,1,0,0
BRDA:17,2,0,0
BRDA:17,3,0,0
BRDA:18,4,0,0
BRDA:23,5,0,2
BRDA:24,6,0,1
BRDA:45,7,0,2
BRDA:46,8,0,0
BRDA:47,9,0,0
BRDA:47,10,0,0
BRF:11
BRH:4
end_of_record
TN:
SF:src\utils\events.js
FN:1,(empty-report)
FNF:1
FNH:0
FNDA:0,(empty-report)
DA:1,0
DA:2,0
DA:3,0
DA:4,0
DA:5,0
DA:6,0
LF:6
LH:0
BRDA:1,0,0,0
BRF:1
BRH:0
end_of_record
TN:
SF:src\utils\mergeNavItems.js
FN:3,filterApiNavItemsForRole
FN:8,mergeNavItemsForRole
FN:26,filterOrgNavApiItems
FN:42,mergeStaticNavWithApi
FNF:4
FNH:4
FNDA:1,filterApiNavItemsForRole
FNDA:2,mergeNavItemsForRole
FNDA:2,filterOrgNavApiItems
FNDA:1,mergeStaticNavWithApi
DA:1,1
DA:2,1
DA:3,1
DA:4,1
DA:5,1
DA:6,1
DA:7,1
DA:8,1
DA:9,2
DA:10,2
DA:11,2
DA:12,4
DA:13,4
DA:14,4
DA:15,4
DA:16,2
DA:17,2
DA:18,1
DA:19,1
DA:20,1
DA:21,1
DA:22,1
DA:23,1
DA:24,1
DA:25,1
DA:26,1
DA:27,2
DA:28,2
DA:29,1
DA:30,1
DA:31,2
DA:32,2
DA:33,2
DA:34,2
DA:35,2
DA:36,2
DA:37,1
DA:38,2
DA:39,2
DA:40,1
DA:41,1
DA:42,1
DA:43,1
DA:44,0
DA:45,0
DA:46,1
DA:47,1
DA:48,1
DA:49,1
DA:50,1
DA:51,1
DA:52,1
LF:52
LH:50
BRDA:3,0,0,1
BRDA:4,1,0,0
BRDA:8,2,0,2
BRDA:9,3,0,0
BRDA:11,4,0,4
BRDA:12,5,0,0
BRDA:13,6,0,0
BRDA:14,7,0,3
BRDA:26,8,0,2
BRDA:27,9,0,0
BRDA:28,10,0,1
BRDA:28,11,0,1
BRDA:31,12,0,0
BRDA:31,13,0,2
BRDA:32,14,0,0
BRDA:33,15,0,1
BRDA:34,16,0,0
BRDA:35,17,0,1
BRDA:35,18,0,0
BRDA:36,19,0,1
BRDA:36,20,0,0
BRDA:37,21,0,1
BRDA:42,22,0,1
BRDA:43,23,0,0
BRDA:47,24,0,0
BRDA:48,25,0,0
BRDA:49,26,0,0
BRF:27
BRH:13
end_of_record
TN:
SF:src\utils\navRouteAccess.js
FN:4,normalizeRoute
FN:43,canAccessNavRoute
FN:67,filterNavItemsByRouteAccess
FN:73,isKnownAppRoute
FNF:4
FNH:3
FNDA:7,normalizeRoute
FNDA:6,canAccessNavRoute
FNDA:1,filterNavItemsByRouteAccess
FNDA:0,isKnownAppRoute
DA:1,1
DA:2,1
DA:3,1
DA:4,7
DA:5,7
DA:6,7
DA:7,7
DA:8,7
DA:9,7
DA:10,1
DA:11,1
DA:12,1
DA:13,1
DA:14,1
DA:15,1
DA:16,1
DA:17,1
DA:18,1
DA:19,1
DA:20,1
DA:21,1
DA:22,1
DA:23,1
DA:24,1
DA:25,1
DA:26,1
DA:27,1
DA:28,1
DA:29,1
DA:30,1
DA:31,1
DA:32,1
DA:33,1
DA:34,1
DA:35,1
DA:36,1
DA:37,1
DA:38,1
DA:39,1
DA:40,1
DA:41,1
DA:42,1
DA:43,1
DA:44,6
DA:45,6
DA:46,6
DA:47,6
DA:48,1
DA:49,1
DA:50,5
DA:51,5
DA:52,6
DA:53,2
DA:54,2
DA:55,6
DA:56,0
DA:57,0
DA:58,6
DA:59,2
DA:60,2
DA:61,1
DA:62,1
DA:63,1
DA:64,0
DA:65,0
DA:66,1
DA:67,1
DA:68,1
DA:69,1
DA:70,1
DA:71,1
DA:72,1
DA:73,1
DA:74,0
DA:75,0
DA:76,1
DA:77,1
LF:77
LH:71
BRDA:4,0,0,7
BRDA:5,1,0,0
BRDA:6,2,0,0
BRDA:8,3,0,0
BRDA:8,4,0,0
BRDA:43,5,0,6
BRDA:45,6,0,0
BRDA:47,7,0,1
BRDA:47,8,0,1
BRDA:49,9,0,5
BRDA:52,10,0,2
BRDA:54,11,0,3
BRDA:55,12,0,0
BRDA:57,13,0,3
BRDA:58,14,0,2
BRDA:60,15,0,1
BRDA:63,16,0,0
BRDA:47,17,0,1
BRDA:67,18,0,1
BRDA:68,19,0,0
BRDA:68,20,0,2
BRF:21
BRH:13
end_of_record
TN:
SF:src\utils\notify.js
FN:10,show
FN:26,success
FN:27,error
FN:28,info
FN:29,warning
FN:31,formWarning
FN:36,apiError
FNF:7
FNH:0
FNDA:0,show
FNDA:0,success
FNDA:0,error
FNDA:0,info
FNDA:0,warning
FNDA:0,formWarning
FNDA:0,apiError
DA:1,1
DA:2,1
DA:3,1
DA:4,1
DA:5,1
DA:6,1
DA:7,1
DA:8,1
DA:9,1
DA:10,0
DA:11,0
DA:12,0
DA:13,0
DA:14,0
DA:15,0
DA:16,0
DA:17,0
DA:18,0
DA:19,0
DA:20,0
DA:21,0
DA:22,0
DA:23,1
DA:24,1
DA:25,1
DA:26,1
DA:27,1
DA:28,1
DA:29,1
DA:30,1
DA:31,1
DA:32,0
DA:33,0
DA:34,1
DA:35,1
DA:36,1
DA:37,0
DA:38,0
DA:39,1
DA:40,1
LF:40
LH:23
BRF:0
BRH:0
end_of_record
TN:
SF:src\utils\roleAccess.js
FN:2,roleMatchesCsv
FNF:1
FNH:1
FNDA:6,roleMatchesCsv
DA:1,1
DA:2,1
DA:3,6
DA:4,2
DA:5,2
DA:6,6
DA:7,6
DA:8,6
DA:9,6
DA:10,6
DA:11,6
DA:12,6
LF:12
LH:12
BRDA:2,0,0,6
BRDA:3,1,0,5
BRDA:3,2,0,4
BRDA:3,3,0,2
BRDA:6,4,0,0
BRDA:9,5,0,11
BRF:6
BRH:5
end_of_record
TN:
SF:src\utils\validation.js
FN:4,required
FN:9,email
FN:16,mobile10
FN:22,orgCode
FN:31,name
FN:38,roleCode
FN:47,route
FN:54,subject
FN:61,message
FN:67,priority
FN:74,sortOrder
FN:82,validateAll
FNF:12
FNH:5
FNDA:0,required
FNDA:5,email
FNDA:2,mobile10
FNDA:3,orgCode
FNDA:1,name
FNDA:0,roleCode
FNDA:0,route
FNDA:0,subject
FNDA:0,message
FNDA:0,priority
FNDA:0,sortOrder
FNDA:2,validateAll
DA:1,1
DA:2,1
DA:3,1
DA:4,1
DA:5,0
DA:6,0
DA:7,1
DA:8,1
DA:9,1
DA:10,5
DA:11,5
DA:12,5
DA:13,2
DA:14,1
DA:15,1
DA:16,1
DA:17,2
DA:18,2
DA:19,1
DA:20,1
DA:21,1
DA:22,1
DA:23,3
DA:24,3
DA:25,3
DA:26,1
DA:27,1
DA:28,1
DA:29,1
DA:30,1
DA:31,1
DA:32,1
DA:33,1
DA:34,1
DA:35,1
DA:36,1
DA:37,1
DA:38,1
DA:39,0
DA:40,0
DA:41,0
DA:42,0
DA:43,0
DA:44,0
DA:45,1
DA:46,1
DA:47,1
DA:48,0
DA:49,0
DA:50,0
DA:51,0
DA:52,1
DA:53,1
DA:54,1
DA:55,0
DA:56,0
DA:57,0
DA:58,0
DA:59,1
DA:60,1
DA:61,1
DA:62,0
DA:63,0
DA:64,0
DA:65,1
DA:66,1
DA:67,1
DA:68,0
DA:69,0
DA:70,0
DA:71,0
DA:72,1
DA:73,1
DA:74,1
DA:75,0
DA:76,0
DA:77,0
DA:78,1
DA:79,1
DA:80,1
DA:81,1
DA:82,1
DA:83,2
DA:84,3
DA:85,3
DA:86,3
DA:87,1
DA:88,1
LF:88
LH:62
BRDA:9,0,0,5
BRDA:10,1,0,0
BRDA:11,2,0,2
BRDA:12,3,0,3
BRDA:12,4,0,1
BRDA:13,5,0,2
BRDA:16,6,0,2
BRDA:17,7,0,0
BRDA:18,8,0,1
BRDA:22,9,0,3
BRDA:23,10,0,0
BRDA:24,11,0,1
BRDA:25,12,0,2
BRDA:25,13,0,1
BRDA:31,14,0,1
BRDA:32,15,0,0
BRDA:33,16,0,0
BRDA:34,17,0,0
BRDA:82,18,0,2
BRDA:83,19,0,3
BRDA:85,20,0,1
BRDA:86,21,0,1
BRF:22
BRH:16
end_of_record
