{"total": {"lines":{"total":162,"covered":96,"skipped":0,"pct":59.25},"statements":{"total":173,"covered":100,"skipped":0,"pct":57.8},"functions":{"total":33,"covered":23,"skipped":0,"pct":69.69},"branches":{"total":138,"covered":61,"skipped":0,"pct":44.2},"branchesTrue":{"total":0,"covered":0,"skipped":0,"pct":100}}
,"E:\\Techtrole\\Taiton\\Taiton\\taiton-be\\src\\app.js": {"lines":{"total":43,"covered":38,"skipped":0,"pct":88.37},"functions":{"total":6,"covered":5,"skipped":0,"pct":83.33},"statements":{"total":46,"covered":39,"skipped":0,"pct":84.78},"branches":{"total":18,"covered":7,"skipped":0,"pct":38.88}}
,"E:\\Techtrole\\Taiton\\Taiton\\taiton-be\\src\\middleware\\auth.js": {"lines":{"total":13,"covered":11,"skipped":0,"pct":84.61},"functions":{"total":1,"covered":1,"skipped":0,"pct":100},"statements":{"total":13,"covered":11,"skipped":0,"pct":84.61},"branches":{"total":16,"covered":14,"skipped":0,"pct":87.5}}
,"E:\\Techtrole\\Taiton\\Taiton\\taiton-be\\src\\services\\navigation.service.js": {"lines":{"total":6,"covered":6,"skipped":0,"pct":100},"functions":{"total":4,"covered":4,"skipped":0,"pct":100},"statements":{"total":6,"covered":6,"skipped":0,"pct":100},"branches":{"total":4,"covered":3,"skipped":0,"pct":75}}
,"E:\\Techtrole\\Taiton\\Taiton\\taiton-be\\src\\services\\permissions.service.js": {"lines":{"total":66,"covered":12,"skipped":0,"pct":18.18},"functions":{"total":10,"covered":2,"skipped":0,"pct":20},"statements":{"total":71,"covered":12,"skipped":0,"pct":16.9},"branches":{"total":69,"covered":14,"skipped":0,"pct":20.28}}
,"E:\\Techtrole\\Taiton\\Taiton\\taiton-be\\src\\utils\\jwt.js": {"lines":{"total":3,"covered":2,"skipped":0,"pct":66.66},"functions":{"total":3,"covered":2,"skipped":0,"pct":66.66},"statements":{"total":3,"covered":2,"skipped":0,"pct":66.66},"branches":{"total":0,"covered":0,"skipped":0,"pct":100}}
,"E:\\Techtrole\\Taiton\\Taiton\\taiton-be\\src\\utils\\mapDbError.js": {"lines":{"total":18,"covered":14,"skipped":0,"pct":77.77},"functions":{"total":2,"covered":2,"skipped":0,"pct":100},"statements":{"total":19,"covered":15,"skipped":0,"pct":78.94},"branches":{"total":19,"covered":12,"skipped":0,"pct":63.15}}
,"E:\\Techtrole\\Taiton\\Taiton\\taiton-be\\src\\utils\\password.js": {"lines":{"total":3,"covered":3,"skipped":0,"pct":100},"functions":{"total":2,"covered":2,"skipped":0,"pct":100},"statements":{"total":3,"covered":3,"skipped":0,"pct":100},"branches":{"total":0,"covered":0,"skipped":0,"pct":100}}
,"E:\\Techtrole\\Taiton\\Taiton\\taiton-be\\src\\utils\\roleCsv.js": {"lines":{"total":10,"covered":10,"skipped":0,"pct":100},"functions":{"total":5,"covered":5,"skipped":0,"pct":100},"statements":{"total":12,"covered":12,"skipped":0,"pct":100},"branches":{"total":12,"covered":11,"skipped":0,"pct":91.66}}
}
