{"total": {"lines":{"total":160,"covered":95,"skipped":0,"pct":59.37},"statements":{"total":171,"covered":99,"skipped":0,"pct":57.89},"functions":{"total":33,"covered":23,"skipped":0,"pct":69.69},"branches":{"total":134,"covered":58,"skipped":0,"pct":43.28},"branchesTrue":{"total":0,"covered":0,"skipped":0,"pct":100}}
,"E:\\Techtrole\\panel\\cpanel\\cpanel-be\\src\\app.js": {"lines":{"total":43,"covered":38,"skipped":0,"pct":88.37},"functions":{"total":6,"covered":5,"skipped":0,"pct":83.33},"statements":{"total":46,"covered":39,"skipped":0,"pct":84.78},"branches":{"total":18,"covered":7,"skipped":0,"pct":38.88}}
,"E:\\Techtrole\\panel\\cpanel\\cpanel-be\\src\\middleware\\auth.js": {"lines":{"total":11,"covered":10,"skipped":0,"pct":90.9},"functions":{"total":1,"covered":1,"skipped":0,"pct":100},"statements":{"total":11,"covered":10,"skipped":0,"pct":90.9},"branches":{"total":12,"covered":11,"skipped":0,"pct":91.66}}
,"E:\\Techtrole\\panel\\cpanel\\cpanel-be\\src\\services\\navigation.service.js": {"lines":{"total":6,"covered":6,"skipped":0,"pct":100},"functions":{"total":4,"covered":4,"skipped":0,"pct":100},"statements":{"total":6,"covered":6,"skipped":0,"pct":100},"branches":{"total":4,"covered":3,"skipped":0,"pct":75}}
,"E:\\Techtrole\\panel\\cpanel\\cpanel-be\\src\\services\\permissions.service.js": {"lines":{"total":66,"covered":12,"skipped":0,"pct":18.18},"functions":{"total":10,"covered":2,"skipped":0,"pct":20},"statements":{"total":71,"covered":12,"skipped":0,"pct":16.9},"branches":{"total":69,"covered":14,"skipped":0,"pct":20.28}}
,"E:\\Techtrole\\panel\\cpanel\\cpanel-be\\src\\utils\\jwt.js": {"lines":{"total":3,"covered":2,"skipped":0,"pct":66.66},"functions":{"total":3,"covered":2,"skipped":0,"pct":66.66},"statements":{"total":3,"covered":2,"skipped":0,"pct":66.66},"branches":{"total":0,"covered":0,"skipped":0,"pct":100}}
,"E:\\Techtrole\\panel\\cpanel\\cpanel-be\\src\\utils\\mapDbError.js": {"lines":{"total":18,"covered":14,"skipped":0,"pct":77.77},"functions":{"total":2,"covered":2,"skipped":0,"pct":100},"statements":{"total":19,"covered":15,"skipped":0,"pct":78.94},"branches":{"total":19,"covered":12,"skipped":0,"pct":63.15}}
,"E:\\Techtrole\\panel\\cpanel\\cpanel-be\\src\\utils\\password.js": {"lines":{"total":3,"covered":3,"skipped":0,"pct":100},"functions":{"total":2,"covered":2,"skipped":0,"pct":100},"statements":{"total":3,"covered":3,"skipped":0,"pct":100},"branches":{"total":0,"covered":0,"skipped":0,"pct":100}}
,"E:\\Techtrole\\panel\\cpanel\\cpanel-be\\src\\utils\\roleCsv.js": {"lines":{"total":10,"covered":10,"skipped":0,"pct":100},"functions":{"total":5,"covered":5,"skipped":0,"pct":100},"statements":{"total":12,"covered":12,"skipped":0,"pct":100},"branches":{"total":12,"covered":11,"skipped":0,"pct":91.66}}
}
