TN:
SF:src\app.js
FN:25,createApp
FN:53,(anonymous_1)
FN:62,(anonymous_2)
FN:86,(anonymous_3)
FN:89,(anonymous_4)
FN:94,(anonymous_5)
FNF:6
FNH:5
FNDA:1,createApp
FNDA:1,(anonymous_1)
FNDA:1,(anonymous_2)
FNDA:1,(anonymous_3)
FNDA:0,(anonymous_4)
FNDA:1,(anonymous_5)
DA:22,1
DA:23,1
DA:26,1
DA:27,0
DA:30,1
DA:33,1
DA:35,1
DA:40,1
DA:46,1
DA:48,1
DA:49,1
DA:51,1
DA:53,1
DA:54,1
DA:55,1
DA:56,1
DA:58,0
DA:62,1
DA:63,1
DA:64,1
DA:65,1
DA:66,1
DA:68,0
DA:72,1
DA:73,1
DA:74,1
DA:75,1
DA:76,1
DA:77,1
DA:78,1
DA:79,1
DA:80,1
DA:81,1
DA:82,1
DA:84,1
DA:86,1
DA:87,1
DA:88,1
DA:89,0
DA:90,0
DA:94,1
DA:95,1
DA:98,1
LF:43
LH:38
BRDA:26,0,0,0
BRDA:26,0,1,1
BRDA:42,1,0,1
BRDA:42,1,1,0
BRDA:64,2,0,1
BRDA:64,2,1,0
BRDA:68,3,0,0
BRDA:68,3,1,0
BRDA:87,4,0,0
BRDA:87,4,1,1
BRDA:87,5,0,1
BRDA:87,5,1,0
BRDA:88,6,0,1
BRDA:88,6,1,0
BRDA:88,7,0,1
BRDA:88,7,1,0
BRDA:90,8,0,0
BRDA:90,8,1,0
BRF:18
BRH:7
end_of_record
TN:
SF:src\middleware\auth.js
FN:3,requireAuth
FNF:1
FNH:1
FNDA:5,requireAuth
DA:4,5
DA:5,5
DA:6,5
DA:7,3
DA:9,2
DA:10,2
DA:11,1
DA:12,0
DA:14,1
DA:20,1
DA:22,1
LF:11
LH:10
BRDA:4,0,0,5
BRDA:4,0,1,3
BRDA:5,1,0,2
BRDA:5,1,1,3
BRDA:6,2,0,3
BRDA:6,2,1,2
BRDA:11,3,0,0
BRDA:11,3,1,1
BRDA:11,4,0,1
BRDA:11,4,1,1
BRDA:18,5,0,1
BRDA:18,5,1,1
BRF:12
BRH:11
end_of_record
TN:
SF:src\services\navigation.service.js
FN:5,listNavForOrgAndRole
FN:12,(anonymous_1)
FN:13,(anonymous_2)
FN:14,(anonymous_3)
FNF:4
FNH:4
FNDA:3,listNavForOrgAndRole
FNDA:4,(anonymous_1)
FNDA:3,(anonymous_2)
FNDA:2,(anonymous_3)
DA:6,3
DA:9,3
DA:11,3
DA:12,4
DA:13,3
DA:14,2
LF:6
LH:6
BRDA:13,0,0,3
BRDA:13,0,1,0
BRDA:21,1,0,2
BRDA:21,1,1,1
BRF:4
BRH:3
end_of_record
TN:
SF:src\services\permissions.service.js
FN:6,cacheKey
FN:10,isPlatformRole
FN:21,getRolePriority
FN:37,getPermissionGrant
FN:111,assertPermission
FN:121,listPermissionsForRole
FN:134,listMyPermissions
FN:141,(anonymous_7)
FN:165,(anonymous_8)
FN:192,clearGrantCache
FNF:10
FNH:2
FNDA:0,cacheKey
FNDA:4,isPlatformRole
FNDA:0,getRolePriority
FNDA:3,getPermissionGrant
FNDA:0,assertPermission
FNDA:0,listPermissionsForRole
FNDA:0,listMyPermissions
FNDA:0,(anonymous_7)
FNDA:0,(anonymous_8)
FNDA:0,clearGrantCache
DA:4,2
DA:7,0
DA:11,4
DA:14,2
DA:22,0
DA:23,0
DA:24,0
DA:26,0
DA:27,0
DA:32,0
DA:34,0
DA:38,3
DA:39,3
DA:40,3
DA:42,3
DA:43,2
DA:44,1
DA:46,1
DA:49,1
DA:50,1
DA:53,0
DA:54,0
DA:63,0
DA:64,0
DA:65,0
DA:73,0
DA:74,0
DA:75,0
DA:84,0
DA:85,0
DA:87,0
DA:94,0
DA:96,0
DA:97,0
DA:98,0
DA:99,0
DA:101,0
DA:107,0
DA:108,0
DA:112,0
DA:113,0
DA:114,0
DA:115,0
DA:116,0
DA:118,0
DA:122,0
DA:131,0
DA:135,0
DA:136,0
DA:137,0
DA:141,0
DA:147,0
DA:150,0
DA:151,0
DA:159,0
DA:165,0
DA:167,0
DA:168,0
DA:169,0
DA:170,0
DA:171,0
DA:176,0
DA:177,0
DA:182,0
DA:189,0
DA:193,0
LF:66
LH:12
BRDA:6,0,0,0
BRDA:7,1,0,0
BRDA:7,1,1,0
BRDA:11,2,0,4
BRDA:11,2,1,0
BRDA:21,3,0,0
BRDA:22,4,0,0
BRDA:22,4,1,0
BRDA:23,5,0,0
BRDA:23,5,1,0
BRDA:26,6,0,0
BRDA:26,6,1,0
BRDA:32,7,0,0
BRDA:32,7,1,0
BRDA:32,8,0,0
BRDA:32,8,1,0
BRDA:37,9,0,3
BRDA:38,10,0,3
BRDA:38,10,1,0
BRDA:39,11,0,3
BRDA:39,11,1,0
BRDA:40,12,0,0
BRDA:40,12,1,3
BRDA:40,13,0,3
BRDA:40,13,1,3
BRDA:42,14,0,2
BRDA:42,14,1,1
BRDA:43,15,0,1
BRDA:43,15,1,1
BRDA:49,16,0,1
BRDA:49,16,1,0
BRDA:49,17,0,1
BRDA:49,17,1,1
BRDA:53,18,0,0
BRDA:53,18,1,0
BRDA:64,19,0,0
BRDA:64,19,1,0
BRDA:73,20,0,0
BRDA:73,20,1,0
BRDA:77,21,0,0
BRDA:77,21,1,0
BRDA:78,22,0,0
BRDA:78,22,1,0
BRDA:85,23,0,0
BRDA:85,23,1,0
BRDA:96,24,0,0
BRDA:96,24,1,0
BRDA:98,25,0,0
BRDA:98,25,1,0
BRDA:104,26,0,0
BRDA:104,26,1,0
BRDA:111,27,0,0
BRDA:113,28,0,0
BRDA:113,28,1,0
BRDA:134,29,0,0
BRDA:136,30,0,0
BRDA:136,30,1,0
BRDA:150,31,0,0
BRDA:150,31,1,0
BRDA:168,32,0,0
BRDA:168,32,1,0
BRDA:170,33,0,0
BRDA:170,33,1,0
BRDA:176,34,0,0
BRDA:176,34,1,0
BRDA:179,35,0,0
BRDA:179,35,1,0
BRDA:180,36,0,0
BRDA:180,36,1,0
BRF:69
BRH:14
end_of_record
TN:
SF:src\utils\jwt.js
FN:4,signAccessToken
FN:8,verifyAccessToken
FN:13,decodeAccessTokenUnsafe
FNF:3
FNH:2
FNDA:2,signAccessToken
FNDA:4,verifyAccessToken
FNDA:0,decodeAccessTokenUnsafe
DA:5,2
DA:9,4
DA:14,0
LF:3
LH:2
BRF:0
BRH:0
end_of_record
TN:
SF:src\utils\mapDbError.js
FN:3,mapDbErrorToClient
FN:25,rethrowAsClientError
FNF:2
FNH:2
FNDA:5,mapDbErrorToClient
FNDA:2,rethrowAsClientError
DA:4,5
DA:5,5
DA:7,3
DA:9,3
DA:10,2
DA:12,1
DA:13,0
DA:15,1
DA:16,1
DA:18,0
DA:19,0
DA:22,0
DA:26,2
DA:27,2
DA:28,1
DA:29,1
DA:30,1
DA:32,1
LF:18
LH:14
BRDA:4,0,0,5
BRDA:4,0,1,0
BRDA:4,0,2,0
BRDA:5,1,0,2
BRDA:5,1,1,3
BRDA:7,2,0,3
BRDA:7,2,1,0
BRDA:9,3,0,2
BRDA:9,3,1,1
BRDA:9,4,0,3
BRDA:9,4,1,2
BRDA:12,5,0,0
BRDA:12,5,1,1
BRDA:15,6,0,1
BRDA:15,6,1,0
BRDA:18,7,0,0
BRDA:18,7,1,0
BRDA:27,8,0,1
BRDA:27,8,1,1
BRF:19
BRH:12
end_of_record
TN:
SF:src\utils\password.js
FN:5,hashPassword
FN:9,verifyPassword
FNF:2
FNH:2
FNDA:1,hashPassword
FNDA:2,verifyPassword
DA:3,2
DA:6,1
DA:10,2
LF:3
LH:3
BRF:0
BRH:0
end_of_record
TN:
SF:src\utils\roleCsv.js
FN:2,normalizeRoleCode
FN:7,normalizeRolesCsv
FN:11,(anonymous_2)
FN:17,roleMatchesNavCsv
FN:22,(anonymous_4)
FNF:5
FNH:5
FNDA:19,normalizeRoleCode
FNDA:3,normalizeRolesCsv
FNDA:2,(anonymous_2)
FNDA:9,roleMatchesNavCsv
FNDA:7,(anonymous_4)
DA:3,19
DA:8,3
DA:9,1
DA:11,2
DA:13,1
DA:18,9
DA:19,5
DA:20,5
DA:22,7
DA:24,5
LF:10
LH:10
BRDA:3,0,0,19
BRDA:3,0,1,1
BRDA:8,1,0,2
BRDA:8,1,1,1
BRDA:8,2,0,3
BRDA:8,2,1,2
BRDA:13,3,0,1
BRDA:13,3,1,0
BRDA:18,4,0,4
BRDA:18,4,1,5
BRDA:18,5,0,9
BRDA:18,5,1,6
BRF:12
BRH:11
end_of_record
